<?xml version="1.0" encoding="UTF-8"?>
<!-- Generated by org.testng.reporters.JUnitXMLReporter -->
<testsuite ignored="0" hostname="DESKTOP-HADT1D5" failures="1" tests="14" name="TutorialsNinja Test" time="35.388" errors="0" timestamp="2023-01-18T11:03:21 IST">
  <testcase classname="com.tutorialsninja.testcases.RegisterTests" name="verifyRegisteringWithMandatoryFields" time="0.922"/>
  <testcase classname="com.tutorialsninja.testcases.RegisterTests" name="verifyRegisteringWithAllFields" time="0.942"/>
  <testcase classname="com.tutorialsninja.testcases.RegisterTests" name="verifyRegisteringWithExistingEmailAddress" time="0.857"/>
  <testcase classname="com.tutorialsninja.testcases.RegisterTests" name="verifyRegisterWithoutFillingAnyDetails" time="0.408"/>
  <testcase classname="com.tutorialsninja.testcases.LoginTest" name="verifyLoginWithValidCred" time="0.492"/>
  <testcase classname="com.tutorialsninja.testcases.LoginTest" name="verifyLoginWithValidCred" time="0.468"/>
  <testcase classname="com.tutorialsninja.testcases.LoginTest" name="verifyLoginWithValidCred" time="0.509"/>
  <testcase classname="com.tutorialsninja.testcases.LoginTest" name="verifyLoginWithInValidCred" time="0.454"/>
  <testcase classname="com.tutorialsninja.testcases.LoginTest" name="verifyLoginWithInValidEmailAndValidPassCred" time="0.475"/>
  <testcase classname="com.tutorialsninja.testcases.LoginTest" name="verifyLoginWithValidEmailAndInValidPassCred" time="0.45"/>
  <testcase classname="com.tutorialsninja.testcases.LoginTest" name="verifyLoginWithoutCred" time="0.275"/>
  <testcase classname="com.tutorialsninja.testcases.SearchTests" name="verifySearchWithValidProduct" time="0.5"/>
  <testcase classname="com.tutorialsninja.testcases.SearchTests" name="verifySearchWithInvalidProduct" time="0.013">
    <failure type="java.lang.IllegalArgumentException" message="Keys to send should be a not null CharSequence">
      <![CDATA[java.lang.IllegalArgumentException: Keys to send should be a not null CharSequence
at org.openqa.selenium.remote.RemoteWebElement.sendKeys(RemoteWebElement.java:98)
at org.openqa.selenium.support.pagefactory.internal.LocatingElementHandler.invoke(LocatingElementHandler.java:52)
at jdk.proxy2/jdk.proxy2.$Proxy18.sendKeys(Unknown Source)
at com.tutorialsninja.qa.pages.HomePage.searchProduct(HomePage.java:45)
at com.tutorialsninja.testcases.SearchTests.verifySearchWithInvalidProduct(SearchTests.java:46)
at java.base/java.util.ArrayList.forEach(ArrayList.java:1511)
... Removed 30 stack frames]]>
    </failure>
  </testcase> <!-- verifySearchWithInvalidProduct -->
  <testcase classname="com.tutorialsninja.testcases.SearchTests" name="verifySearchWithoutProduct" time="0.0">
    <skipped/>
  </testcase> <!-- verifySearchWithoutProduct -->
</testsuite> <!-- TutorialsNinja Test -->
