<?xml version="1.0" encoding="UTF-8"?>
<!-- Generated by org.testng.reporters.JUnitXMLReporter -->
<testsuite ignored="0" hostname="DESKTOP-HADT1D5" failures="1" tests="14" name="Surefire test" time="36.325" errors="0" timestamp="2023-01-18T11:29:15 IST">
  <testcase classname="com.tutorialsninja.testcases.LoginTest" name="verifyLoginWithValidCred" time="0.638"/>
  <testcase classname="com.tutorialsninja.testcases.LoginTest" name="verifyLoginWithValidCred" time="0.513"/>
  <testcase classname="com.tutorialsninja.testcases.LoginTest" name="verifyLoginWithValidCred" time="0.773"/>
  <testcase classname="com.tutorialsninja.testcases.LoginTest" name="verifyLoginWithInValidCred" time="0.482"/>
  <testcase classname="com.tutorialsninja.testcases.LoginTest" name="verifyLoginWithInValidEmailAndValidPassCred" time="0.452"/>
  <testcase classname="com.tutorialsninja.testcases.LoginTest" name="verifyLoginWithValidEmailAndInValidPassCred" time="0.445"/>
  <testcase classname="com.tutorialsninja.testcases.LoginTest" name="verifyLoginWithoutCred" time="0.301"/>
  <testcase classname="com.tutorialsninja.testcases.RegisterTest" name="verifyRegisteringWithMandatoryFields" time="0.85"/>
  <testcase classname="com.tutorialsninja.testcases.RegisterTest" name="verifyRegisteringWithAllFields" time="0.92"/>
  <testcase classname="com.tutorialsninja.testcases.RegisterTest" name="verifyRegisteringWithExistingEmailAddress" time="0.796"/>
  <testcase classname="com.tutorialsninja.testcases.RegisterTest" name="verifyRegisterWithoutFillingAnyDetails" time="0.657"/>
  <testcase classname="com.tutorialsninja.testcases.SearchTest" name="verifySearchWithValidProduct" time="0.324"/>
  <testcase classname="com.tutorialsninja.testcases.SearchTest" name="verifySearchWithInvalidProduct" time="0.014">
    <failure type="java.lang.IllegalArgumentException" message="Keys to send should be a not null CharSequence">
      <![CDATA[java.lang.IllegalArgumentException: Keys to send should be a not null CharSequence
at org.openqa.selenium.remote.RemoteWebElement.sendKeys(RemoteWebElement.java:98)
at org.openqa.selenium.support.pagefactory.internal.LocatingElementHandler.invoke(LocatingElementHandler.java:52)
at jdk.proxy2/jdk.proxy2.$Proxy14.sendKeys(Unknown Source)
at com.tutorialsninja.qa.pages.HomePage.searchProduct(HomePage.java:45)
at com.tutorialsninja.testcases.SearchTest.verifySearchWithInvalidProduct(SearchTest.java:46)
at java.base/java.util.ArrayList.forEach(ArrayList.java:1511)
... Removed 35 stack frames]]>
    </failure>
  </testcase> <!-- verifySearchWithInvalidProduct -->
  <testcase classname="com.tutorialsninja.testcases.SearchTest" name="verifySearchWithoutProduct" time="0.0">
    <skipped/>
  </testcase> <!-- verifySearchWithoutProduct -->
</testsuite> <!-- Surefire test -->
