<?xml version="1.0" encoding="UTF-8"?>
<!-- Generated by org.testng.reporters.JUnitXMLReporter -->
<testsuite ignored="0" hostname="DESKTOP-HADT1D5" failures="1" tests="14" name="TutorialsNinja Test" time="38.868" errors="0" timestamp="2023-01-18T15:13:06 IST">
  <testcase classname="com.tutorialsninja.testcases.RegisterTest" name="verifyRegisteringWithMandatoryFields" time="0.92"/>
  <testcase classname="com.tutorialsninja.testcases.RegisterTest" name="verifyRegisteringWithAllFields" time="1.09"/>
  <testcase classname="com.tutorialsninja.testcases.RegisterTest" name="verifyRegisteringWithExistingEmailAddress" time="0.879"/>
  <testcase classname="com.tutorialsninja.testcases.RegisterTest" name="verifyRegisterWithoutFillingAnyDetails" time="0.429"/>
  <testcase classname="com.tutorialsninja.testcases.LoginTest" name="verifyLoginWithValidCred" time="0.49"/>
  <testcase classname="com.tutorialsninja.testcases.LoginTest" name="verifyLoginWithValidCred" time="0.653"/>
  <testcase classname="com.tutorialsninja.testcases.LoginTest" name="verifyLoginWithValidCred" time="0.576"/>
  <testcase classname="com.tutorialsninja.testcases.LoginTest" name="verifyLoginWithInValidCred" time="0.722"/>
  <testcase classname="com.tutorialsninja.testcases.LoginTest" name="verifyLoginWithInValidEmailAndValidPassCred" time="0.794"/>
  <testcase classname="com.tutorialsninja.testcases.LoginTest" name="verifyLoginWithValidEmailAndInValidPassCred" time="0.481"/>
  <testcase classname="com.tutorialsninja.testcases.LoginTest" name="verifyLoginWithoutCred" time="0.299"/>
  <testcase classname="com.tutorialsninja.testcases.SearchTest" name="verifySearchWithValidProduct" time="0.479"/>
  <testcase classname="com.tutorialsninja.testcases.SearchTest" name="verifySearchWithInvalidProduct" time="0.017">
    <failure type="java.lang.IllegalArgumentException" message="Keys to send should be a not null CharSequence">
      <![CDATA[java.lang.IllegalArgumentException: Keys to send should be a not null CharSequence
at org.openqa.selenium.remote.RemoteWebElement.sendKeys(RemoteWebElement.java:98)
at org.openqa.selenium.support.pagefactory.internal.LocatingElementHandler.invoke(LocatingElementHandler.java:52)
at jdk.proxy2/jdk.proxy2.$Proxy15.sendKeys(Unknown Source)
at com.tutorialsninja.qa.pages.HomePage.searchProduct(HomePage.java:45)
at com.tutorialsninja.testcases.SearchTest.verifySearchWithInvalidProduct(SearchTest.java:46)
at java.base/java.util.ArrayList.forEach(ArrayList.java:1511)
... Removed 34 stack frames]]>
    </failure>
  </testcase> <!-- verifySearchWithInvalidProduct -->
  <testcase classname="com.tutorialsninja.testcases.SearchTest" name="verifySearchWithoutProduct" time="0.0">
    <skipped/>
  </testcase> <!-- verifySearchWithoutProduct -->
</testsuite> <!-- TutorialsNinja Test -->
